<?xml version="1.0" encoding="UTF-8"?>
<!-- Generated by org.testng.reporters.JUnitReportReporter -->
<testsuite skipped="0" hostname="AL01121234" name="com.webtoons.test.TestingFinish" tests="1" failures="0" timestamp="11 2ì›” 2019 09:40:51 GMT" time="0.298" errors="0">
  <testcase name="finish" time="0.298" classname="com.webtoons.test.TestingFinish"/>
</testsuite> <!-- com.webtoons.test.TestingFinish -->
