<?xml version="1.0" encoding="UTF-8"?>
<!-- Generated by org.testng.reporters.JUnitReportReporter -->
<testsuite skipped="0" hostname="AL01121234" name="com.webtoons.test.ByRatingPanel" tests="1" failures="0" timestamp="11 2ì›” 2019 09:40:51 GMT" time="33.034" errors="0">
  <testcase name="mod1_byRatingsPanelCheck" time="33.034" classname="com.webtoons.test.ByRatingPanel"/>
</testsuite> <!-- com.webtoons.test.ByRatingPanel -->
