<?xml version="1.0" encoding="UTF-8"?>
<!-- Generated by org.testng.reporters.JUnitReportReporter -->
<testsuite skipped="0" hostname="AL01121234" name="com.webtoons.test.Main" tests="2" failures="0" timestamp="11 2ì›” 2019 09:40:51 GMT" time="7.647" errors="0">
  <testcase name="mod02_goDiscover" time="2.495" classname="com.webtoons.test.Main"/>
  <testcase name="mod01_Login" time="5.152" classname="com.webtoons.test.Main"/>
</testsuite> <!-- com.webtoons.test.Main -->
